Flow report for computer
Sun Apr 20 17:23:55 2025
Quartus Prime Version 22.1std.1 Build 917 02/14/2023 SC Lite Edition


---------------------
; Table of Contents ;
---------------------
  1. Legal Notice
  2. Flow Summary
  3. Flow Settings
  4. Flow Non-Default Global Settings
  5. Flow Elapsed Time
  6. Flow OS Summary
  7. Flow Log
  8. Flow Messages
  9. Flow Suppressed Messages



----------------
; Legal Notice ;
----------------
Copyright (C) 2023  Intel Corporation. All rights reserved.
Your use of Intel Corporation's design tools, logic functions 
and other software and tools, and any partner logic 
functions, and any output files from any of the foregoing 
(including device programming or simulation files), and any 
associated documentation or information are expressly subject 
to the terms and conditions of the Intel Program License 
Subscription Agreement, the Intel Quartus Prime License Agreement,
the Intel FPGA IP License Agreement, or other applicable license
agreement, including, without limitation, that your use is for
the sole purpose of programming logic devices manufactured by
Intel and sold by Intel or its authorized distributors.  Please
refer to the applicable agreement for further details, at
https://fpgasoftware.intel.com/eula.



+-------------------------------------------------------------------------------------+
; Flow Summary                                                                        ;
+------------------------------------+------------------------------------------------+
; Flow Status                        ; Successful - Sun Apr 20 17:23:55 2025          ;
; Quartus Prime Version              ; 22.1std.1 Build 917 02/14/2023 SC Lite Edition ;
; Revision Name                      ; computer                                       ;
; Top-level Entity Name              ; computer_simulation                            ;
; Family                             ; MAX 10                                         ;
; Device                             ; 10M50DAF484C6GES                               ;
; Timing Models                      ; Preliminary                                    ;
; Total logic elements               ; 732 / 49,760 ( 1 % )                           ;
;     Total combinational functions  ; 722 / 49,760 ( 1 % )                           ;
;     Dedicated logic registers      ; 121 / 49,760 ( < 1 % )                         ;
; Total registers                    ; 121                                            ;
; Total pins                         ; 174 / 360 ( 48 % )                             ;
; Total virtual pins                 ; 0                                              ;
; Total memory bits                  ; 589,824 / 1,677,312 ( 35 % )                   ;
; Embedded Multiplier 9-bit elements ; 0 / 288 ( 0 % )                                ;
; Total PLLs                         ; 0 / 4 ( 0 % )                                  ;
; UFM blocks                         ; 0 / 1 ( 0 % )                                  ;
; ADC blocks                         ; 0 / 2 ( 0 % )                                  ;
+------------------------------------+------------------------------------------------+


+-----------------------------------------+
; Flow Settings                           ;
+-------------------+---------------------+
; Option            ; Setting             ;
+-------------------+---------------------+
; Start date & time ; 04/20/2025 17:20:52 ;
; Main task         ; Compilation         ;
; Revision Name     ; computer            ;
+-------------------+---------------------+


+---------------------------------------------------------------------------------------------------------------------------------+
; Flow Non-Default Global Settings                                                                                                ;
+-------------------------------------+----------------------------------------+---------------+---------------------+------------+
; Assignment Name                     ; Value                                  ; Default Value ; Entity Name         ; Section Id ;
+-------------------------------------+----------------------------------------+---------------+---------------------+------------+
; COMPILER_SIGNATURE_ID               ; 1096093604527.174518405243560          ; --            ; --                  ; --         ;
; MAX_CORE_JUNCTION_TEMP              ; 85                                     ; --            ; --                  ; --         ;
; MIN_CORE_JUNCTION_TEMP              ; 0                                      ; --            ; --                  ; --         ;
; MISC_FILE                           ; EEPROM.bsf                             ; --            ; --                  ; --         ;
; MISC_FILE                           ; SRAM.bsf                               ; --            ; --                  ; --         ;
; MISC_FILE                           ; EPROM.bsf                              ; --            ; --                  ; --         ;
; MISC_FILE                           ; CONTROLLER_ROM.bsf                     ; --            ; --                  ; --         ;
; OUTPUT_IO_TIMING_FAR_END_VMEAS      ; Half Signal Swing                      ; --            ; --                  ; --         ;
; OUTPUT_IO_TIMING_FAR_END_VMEAS      ; Half Signal Swing                      ; --            ; --                  ; --         ;
; OUTPUT_IO_TIMING_NEAR_END_VMEAS     ; Half Vccio                             ; --            ; --                  ; --         ;
; OUTPUT_IO_TIMING_NEAR_END_VMEAS     ; Half Vccio                             ; --            ; --                  ; --         ;
; PARTITION_COLOR                     ; -- (Not supported for targeted family) ; --            ; computer_simulation ; Top        ;
; PARTITION_FITTER_PRESERVATION_LEVEL ; -- (Not supported for targeted family) ; --            ; computer_simulation ; Top        ;
; PARTITION_NETLIST_TYPE              ; -- (Not supported for targeted family) ; --            ; computer_simulation ; Top        ;
; POWER_BOARD_THERMAL_MODEL           ; None (CONSERVATIVE)                    ; --            ; --                  ; --         ;
; POWER_PRESET_COOLING_SOLUTION       ; 23 MM HEAT SINK WITH 200 LFPM AIRFLOW  ; --            ; --                  ; --         ;
; SEARCH_PATH                         ; alu/                                   ; --            ; --                  ; --         ;
; SEARCH_PATH                         ; controller/                            ; --            ; --                  ; --         ;
; SEARCH_PATH                         ; cpu/                                   ; --            ; --                  ; --         ;
; SEARCH_PATH                         ; ir/                                    ; --            ; --                  ; --         ;
; SEARCH_PATH                         ; pc_mar_ix/                             ; --            ; --                  ; --         ;
; SEARCH_PATH                         ; xdr_ydr/                               ; --            ; --                  ; --         ;
; TOP_LEVEL_ENTITY                    ; computer_simulation                    ; computer      ; --                  ; --         ;
+-------------------------------------+----------------------------------------+---------------+---------------------+------------+


+--------------------------------------------------------------------------------------------------------------------------+
; Flow Elapsed Time                                                                                                        ;
+----------------------+--------------+-------------------------+---------------------+------------------------------------+
; Module Name          ; Elapsed Time ; Average Processors Used ; Peak Virtual Memory ; Total CPU Time (on all processors) ;
+----------------------+--------------+-------------------------+---------------------+------------------------------------+
; Analysis & Synthesis ; 00:00:17     ; 1.0                     ; 4969 MB             ; 00:00:28                           ;
; Fitter               ; 00:01:41     ; 1.1                     ; 6718 MB             ; 00:02:17                           ;
; Assembler            ; 00:00:04     ; 1.0                     ; 4840 MB             ; 00:00:03                           ;
; Timing Analyzer      ; 00:00:06     ; 1.7                     ; 5018 MB             ; 00:00:09                           ;
; EDA Netlist Writer   ; 00:00:00     ; 1.0                     ; 4674 MB             ; 00:00:01                           ;
; EDA Netlist Writer   ; 00:00:00     ; 1.0                     ; 4703 MB             ; 00:00:01                           ;
; Total                ; 00:02:08     ; --                      ; --                  ; 00:02:59                           ;
+----------------------+--------------+-------------------------+---------------------+------------------------------------+


+------------------------------------------------------------------------------------+
; Flow OS Summary                                                                    ;
+----------------------+------------------+------------+------------+----------------+
; Module Name          ; Machine Hostname ; OS Name    ; OS Version ; Processor type ;
+----------------------+------------------+------------+------------+----------------+
; Analysis & Synthesis ; DESKTOP-AJOV5FV  ; Windows 10 ; 10.0       ; x86_64         ;
; Fitter               ; DESKTOP-AJOV5FV  ; Windows 10 ; 10.0       ; x86_64         ;
; Assembler            ; DESKTOP-AJOV5FV  ; Windows 10 ; 10.0       ; x86_64         ;
; Timing Analyzer      ; DESKTOP-AJOV5FV  ; Windows 10 ; 10.0       ; x86_64         ;
; EDA Netlist Writer   ; DESKTOP-AJOV5FV  ; Windows 10 ; 10.0       ; x86_64         ;
; EDA Netlist Writer   ; DESKTOP-AJOV5FV  ; Windows 10 ; 10.0       ; x86_64         ;
+----------------------+------------------+------------+------------+----------------+


------------
; Flow Log ;
------------
quartus_map --read_settings_files=on --write_settings_files=off computer -c computer
quartus_fit --read_settings_files=off --write_settings_files=off computer -c computer
quartus_asm --read_settings_files=off --write_settings_files=off computer -c computer
quartus_sta computer -c computer
quartus_eda --gen_testbench --tool=modelsim_oem --format=vhdl --write_settings_files=off computer -c computer --vector_source=C:/Users/Owner/CLionProjects/EEL-3701_Digital-Logic-and-Computer-Systems/Quartus/Lab7/Lab7Part1/Lab7Part1_restored/computer.vwf --testbench_file=C:/Users/Owner/CLionProjects/EEL-3701_Digital-Logic-and-Computer-Systems/Quartus/Lab7/Lab7Part1/Lab7Part1_restored/simulation/qsim/computer.vwf.vht
quartus_eda --write_settings_files=off --simulation=on --functional=on --flatten_buses=off --tool=modelsim_oem --format=vhdl --output_directory=C:/Users/Owner/CLionProjects/EEL-3701_Digital-Logic-and-Computer-Systems/Quartus/Lab7/Lab7Part1/Lab7Part1_restored/simulation/qsim/ computer -c computer



