Archive Project report for Quiz3
Thu Feb 27 19:19:55 2025
Quartus Prime Version 22.1std.1 Build 917 02/14/2023 SC Lite Edition


---------------------
; Table of Contents ;
---------------------
  1. Legal Notice
  2. Archive Project Summary
  3. Archive Project Messages
  4. Files Archived



----------------
; Legal Notice ;
----------------
Copyright (C) 2023  Intel Corporation. All rights reserved.
Your use of Intel Corporation's design tools, logic functions 
and other software and tools, and any partner logic 
functions, and any output files from any of the foregoing 
(including device programming or simulation files), and any 
associated documentation or information are expressly subject 
to the terms and conditions of the Intel Program License 
Subscription Agreement, the Intel Quartus Prime License Agreement,
the Intel FPGA IP License Agreement, or other applicable license
agreement, including, without limitation, that your use is for
the sole purpose of programming logic devices manufactured by
Intel and sold by Intel or its authorized distributors.  Please
refer to the applicable agreement for further details, at
https://fpgasoftware.intel.com/eula.



+----------------------------------------------------------------+
; Archive Project Summary                                        ;
+------------------------+---------------------------------------+
; Archive Project Status ; Successful - Thu Feb 27 19:19:55 2025 ;
; Revision Name          ; Quiz3                                 ;
; Top-level Entity Name  ; Quiz3                                 ;
; Family                 ; MAX 10                                ;
+------------------------+---------------------------------------+


+--------------------------+
; Archive Project Messages ;
+--------------------------+
Info: File Set 'Source control' contains:
    Info: Project source and settings files
    Info: Automatically detected source files
Warning: Hierarchical Platform Designer systems and custom IP components(_hw.tcl and associated files) are not archived by the Quartus Archiver
Critical Warning: Analysis & Elaboration was not run successfully.
    Critical Warning: The 'Automatically detected source files' file subset will attempt to guess which files are needed. The archive file will likely be larger than required and may still be incomplete.
Info: Parsing: Quiz3.bdf
Info: Archive will store files relative to the closest common parent directory
Info (13213): Using common directory C:/Users/Owner/CLionProjects/EEL-3701_Digital-Logic-and-Computer-Systems/Quartus/Quiz3/
Info: ----------------------------------------------------------
Info: ----------------------------------------------------------
Info: Generated archive 'C:/Users/Owner/CLionProjects/EEL-3701_Digital-Logic-and-Computer-Systems/Quartus/Quiz3/Quiz3.qar'
Info: ----------------------------------------------------------
Info: ----------------------------------------------------------
Info: Generated report 'Quiz3.archive.rpt'
Error (23031): Evaluation of Tcl script c:/intelfpga_lite/22.1std/quartus/common/tcl/apps/qpm/qar.tcl unsuccessful
Error: Quartus Prime Shell was unsuccessful. 5 errors, 4 warnings
    Error: Peak virtual memory: 4848 megabytes
    Error: Processing ended: Thu Feb 27 19:19:55 2025
    Error: Elapsed time: 00:00:13
    Error: Total CPU time (on all processors): 00:00:34


+-----------------------------------------------------------------+
; Files Archived                                                  ;
+-----------------------------------------------------------------+
; File Name                                                       ;
+-----------------------------------------------------------------+
; c:/intelfpga_lite/22.1std/quartus/bin64/assignment_defaults.qdf ;
; output_files/Quiz3.asm.rpt                                      ;
; output_files/Quiz3.done                                         ;
; output_files/Quiz3.eda.rpt                                      ;
; output_files/Quiz3.fit.rpt                                      ;
; output_files/Quiz3.fit.smsg                                     ;
; output_files/Quiz3.fit.summary                                  ;
; output_files/Quiz3.flow.rpt                                     ;
; output_files/Quiz3.jdi                                          ;
; output_files/Quiz3.map.rpt                                      ;
; output_files/Quiz3.map.summary                                  ;
; output_files/Quiz3.pin                                          ;
; output_files/Quiz3.pof                                          ;
; output_files/Quiz3.sld                                          ;
; output_files/Quiz3.sof                                          ;
; output_files/Quiz3.sta.rpt                                      ;
; output_files/Quiz3.sta.summary                                  ;
; Quiz3.bdf                                                       ;
; Quiz3.qpf                                                       ;
; Quiz3.qsf                                                       ;
; Waveform.vwf                                                    ;
+-----------------------------------------------------------------+


